2006.02.22 17:57 B F:\Data\ARDUS\Sites\pwtemple\20060222\pix\blindcrake\elevep.jpg <-- pwtemple /pix/blindcrake elevep.jpg
2006.02.22 17:57 B F:\Data\ARDUS\Sites\pwtemple\20060222\pix\blindcrake\elevep_tn.jpg <-- pwtemple /pix/blindcrake elevep_tn.jpg
2006.02.22 17:57 B F:\Data\ARDUS\Sites\pwtemple\20060222\pix\blindcrake\elevex.jpg <-- pwtemple /pix/blindcrake elevex.jpg
2006.02.22 17:57 B F:\Data\ARDUS\Sites\pwtemple\20060222\pix\blindcrake\elevex_tn.jpg <-- pwtemple /pix/blindcrake elevex_tn.jpg
2006.02.22 17:57 B F:\Data\ARDUS\Sites\pwtemple\20060222\pix\blindcrake\elevwp.jpg <-- pwtemple /pix/blindcrake elevwp.jpg
2006.02.22 17:57 B F:\Data\ARDUS\Sites\pwtemple\20060222\pix\blindcrake\elevwp_tn.jpg <-- pwtemple /pix/blindcrake elevwp_tn.jpg
2006.02.22 17:57 B F:\Data\ARDUS\Sites\pwtemple\20060222\pix\blindcrake\elevwx.jpg <-- pwtemple /pix/blindcrake elevwx.jpg
2006.02.22 17:57 B F:\Data\ARDUS\Sites\pwtemple\20060222\pix\blindcrake\elevwx_tn.jpg <-- pwtemple /pix/blindcrake elevwx_tn.jpg
2006.02.22 17:57 B F:\Data\ARDUS\Sites\pwtemple\20060222\pix\blindcrake\plan1f.jpg <-- pwtemple /pix/blindcrake plan1f.jpg
2006.02.22 17:57 B F:\Data\ARDUS\Sites\pwtemple\20060222\pix\blindcrake\plan1f_tn.jpg <-- pwtemple /pix/blindcrake plan1f_tn.jpg
2006.02.22 17:57 B F:\Data\ARDUS\Sites\pwtemple\20060222\pix\blindcrake\plan1fa.jpg <-- pwtemple /pix/blindcrake plan1fa.jpg
2006.02.22 17:57 B F:\Data\ARDUS\Sites\pwtemple\20060222\pix\blindcrake\plan1fa_tn.jpg <-- pwtemple /pix/blindcrake plan1fa_tn.jpg
2006.02.22 17:57 B F:\Data\ARDUS\Sites\pwtemple\20060222\pix\blindcrake\plan2f.jpg <-- pwtemple /pix/blindcrake plan2f.jpg
2006.02.22 17:57 B F:\Data\ARDUS\Sites\pwtemple\20060222\pix\blindcrake\plan2f_tn.jpg <-- pwtemple /pix/blindcrake plan2f_tn.jpg
2006.02.22 17:57 B F:\Data\ARDUS\Sites\pwtemple\20060222\pix\blindcrake\plan2fa.jpg <-- pwtemple /pix/blindcrake plan2fa.jpg
2006.02.22 17:57 B F:\Data\ARDUS\Sites\pwtemple\20060222\pix\blindcrake\plan2fa_tn.jpg <-- pwtemple /pix/blindcrake plan2fa_tn.jpg
2006.02.22 17:57 B F:\Data\ARDUS\Sites\pwtemple\20060222\pix\blindcrake\plangf.jpg <-- pwtemple /pix/blindcrake plangf.jpg
2006.02.22 17:57 B F:\Data\ARDUS\Sites\pwtemple\20060222\pix\blindcrake\plangf_tn.jpg <-- pwtemple /pix/blindcrake plangf_tn.jpg
2006.02.22 17:57 B F:\Data\ARDUS\Sites\pwtemple\20060222\pix\blindcrake\planlgfMOD.jpg <-- pwtemple /pix/blindcrake planlgfMOD.jpg
2006.02.22 17:57 B F:\Data\ARDUS\Sites\pwtemple\20060222\pix\blindcrake\planlgfMOD_tn.jpg <-- pwtemple /pix/blindcrake planlgfMOD_tn.jpg
2006.02.22 17:58 B F:\Data\ARDUS\Sites\pwtemple\20060222\pix\blindcrake\elevep.jpg --> firstderivative.co.uk /public_html/pwtemple/pix/blindcrake elevep.jpg
2006.02.22 17:58 B F:\Data\ARDUS\Sites\pwtemple\20060222\pix\blindcrake\elevep_tn.jpg --> firstderivative.co.uk /public_html/pwtemple/pix/blindcrake elevep_tn.jpg
2006.02.22 17:58 B F:\Data\ARDUS\Sites\pwtemple\20060222\pix\blindcrake\elevex.jpg --> firstderivative.co.uk /public_html/pwtemple/pix/blindcrake elevex.jpg
2006.02.22 17:58 B F:\Data\ARDUS\Sites\pwtemple\20060222\pix\blindcrake\elevex_tn.jpg --> firstderivative.co.uk /public_html/pwtemple/pix/blindcrake elevex_tn.jpg
2006.02.22 17:58 B F:\Data\ARDUS\Sites\pwtemple\20060222\pix\blindcrake\elevwp.jpg --> firstderivative.co.uk /public_html/pwtemple/pix/blindcrake elevwp.jpg
2006.02.22 17:58 B F:\Data\ARDUS\Sites\pwtemple\20060222\pix\blindcrake\elevwp_tn.jpg --> firstderivative.co.uk /public_html/pwtemple/pix/blindcrake elevwp_tn.jpg
2006.02.22 17:58 B F:\Data\ARDUS\Sites\pwtemple\20060222\pix\blindcrake\elevwx.jpg --> firstderivative.co.uk /public_html/pwtemple/pix/blindcrake elevwx.jpg
2006.02.22 17:58 B F:\Data\ARDUS\Sites\pwtemple\20060222\pix\blindcrake\elevwx_tn.jpg --> firstderivative.co.uk /public_html/pwtemple/pix/blindcrake elevwx_tn.jpg
2006.02.22 17:58 B F:\Data\ARDUS\Sites\pwtemple\20060222\pix\blindcrake\plan1f.jpg --> firstderivative.co.uk /public_html/pwtemple/pix/blindcrake plan1f.jpg
2006.02.22 17:58 B F:\Data\ARDUS\Sites\pwtemple\20060222\pix\blindcrake\plan1f_tn.jpg --> firstderivative.co.uk /public_html/pwtemple/pix/blindcrake plan1f_tn.jpg
2006.02.22 17:58 B F:\Data\ARDUS\Sites\pwtemple\20060222\pix\blindcrake\plan1fa.jpg --> firstderivative.co.uk /public_html/pwtemple/pix/blindcrake plan1fa.jpg
2006.02.22 17:58 B F:\Data\ARDUS\Sites\pwtemple\20060222\pix\blindcrake\plan1fa_tn.jpg --> firstderivative.co.uk /public_html/pwtemple/pix/blindcrake plan1fa_tn.jpg
2006.02.22 17:58 B F:\Data\ARDUS\Sites\pwtemple\20060222\pix\blindcrake\plan2f.jpg --> firstderivative.co.uk /public_html/pwtemple/pix/blindcrake plan2f.jpg
2006.02.22 17:58 B F:\Data\ARDUS\Sites\pwtemple\20060222\pix\blindcrake\plan2f_tn.jpg --> firstderivative.co.uk /public_html/pwtemple/pix/blindcrake plan2f_tn.jpg
2006.02.22 17:58 B F:\Data\ARDUS\Sites\pwtemple\20060222\pix\blindcrake\plan2fa.jpg --> firstderivative.co.uk /public_html/pwtemple/pix/blindcrake plan2fa.jpg
2006.02.22 17:58 B F:\Data\ARDUS\Sites\pwtemple\20060222\pix\blindcrake\plan2fa_tn.jpg --> firstderivative.co.uk /public_html/pwtemple/pix/blindcrake plan2fa_tn.jpg
2006.02.22 17:58 B F:\Data\ARDUS\Sites\pwtemple\20060222\pix\blindcrake\plangf.jpg --> firstderivative.co.uk /public_html/pwtemple/pix/blindcrake plangf.jpg
2006.02.22 17:58 B F:\Data\ARDUS\Sites\pwtemple\20060222\pix\blindcrake\plangf_tn.jpg --> firstderivative.co.uk /public_html/pwtemple/pix/blindcrake plangf_tn.jpg
2006.02.22 17:59 B F:\Data\ARDUS\Sites\pwtemple\20060222\pix\blindcrake\planlgfMOD.jpg --> firstderivative.co.uk /public_html/pwtemple/pix/blindcrake planlgfMOD.jpg
2006.02.22 17:59 B F:\Data\ARDUS\Sites\pwtemple\20060222\pix\blindcrake\planlgfMOD_tn.jpg --> firstderivative.co.uk /public_html/pwtemple/pix/blindcrake planlgfMOD_tn.jpg
2006.02.22 17:59 B F:\Data\ARDUS\Sites\pwtemple\20060222\pix\blindcrake\WS_FTP.LOG --> firstderivative.co.uk /public_html/pwtemple/pix/blindcrake WS_FTP.LOG
