2006.02.22 17:57 B F:\Data\ARDUS\Sites\pwtemple\20060222\pyerigg\frames\spacer.gif <-- pwtemple /pyerigg/frames spacer.gif
2006.02.22 17:57 B F:\Data\ARDUS\Sites\pwtemple\20060222\pyerigg\frames\top_r1_c1.jpg <-- pwtemple /pyerigg/frames top_r1_c1.jpg
2006.02.22 17:57 B F:\Data\ARDUS\Sites\pwtemple\20060222\pyerigg\frames\top_r2_c1.jpg <-- pwtemple /pyerigg/frames top_r2_c1.jpg
2006.02.22 17:57 B F:\Data\ARDUS\Sites\pwtemple\20060222\pyerigg\frames\top_r2_c10.jpg <-- pwtemple /pyerigg/frames top_r2_c10.jpg
2006.02.22 17:57 B F:\Data\ARDUS\Sites\pwtemple\20060222\pyerigg\frames\top_r2_c10_f2.jpg <-- pwtemple /pyerigg/frames top_r2_c10_f2.jpg
2006.02.22 17:57 B F:\Data\ARDUS\Sites\pwtemple\20060222\pyerigg\frames\top_r2_c11.jpg <-- pwtemple /pyerigg/frames top_r2_c11.jpg
2006.02.22 17:57 B F:\Data\ARDUS\Sites\pwtemple\20060222\pyerigg\frames\top_r2_c2.jpg <-- pwtemple /pyerigg/frames top_r2_c2.jpg
2006.02.22 17:57 B F:\Data\ARDUS\Sites\pwtemple\20060222\pyerigg\frames\top_r2_c2_f2.jpg <-- pwtemple /pyerigg/frames top_r2_c2_f2.jpg
2006.02.22 17:57 B F:\Data\ARDUS\Sites\pwtemple\20060222\pyerigg\frames\top_r2_c3.jpg <-- pwtemple /pyerigg/frames top_r2_c3.jpg
2006.02.22 17:57 B F:\Data\ARDUS\Sites\pwtemple\20060222\pyerigg\frames\top_r2_c4.jpg <-- pwtemple /pyerigg/frames top_r2_c4.jpg
2006.02.22 17:57 B F:\Data\ARDUS\Sites\pwtemple\20060222\pyerigg\frames\top_r2_c4_f2.jpg <-- pwtemple /pyerigg/frames top_r2_c4_f2.jpg
2006.02.22 17:57 B F:\Data\ARDUS\Sites\pwtemple\20060222\pyerigg\frames\top_r2_c5.jpg <-- pwtemple /pyerigg/frames top_r2_c5.jpg
2006.02.22 17:57 B F:\Data\ARDUS\Sites\pwtemple\20060222\pyerigg\frames\top_r2_c6.jpg <-- pwtemple /pyerigg/frames top_r2_c6.jpg
2006.02.22 17:57 B F:\Data\ARDUS\Sites\pwtemple\20060222\pyerigg\frames\top_r2_c6_f2.jpg <-- pwtemple /pyerigg/frames top_r2_c6_f2.jpg
2006.02.22 17:57 B F:\Data\ARDUS\Sites\pwtemple\20060222\pyerigg\frames\top_r2_c7.jpg <-- pwtemple /pyerigg/frames top_r2_c7.jpg
2006.02.22 17:58 B F:\Data\ARDUS\Sites\pwtemple\20060222\pyerigg\frames\top_r2_c8.jpg <-- pwtemple /pyerigg/frames top_r2_c8.jpg
2006.02.22 17:58 B F:\Data\ARDUS\Sites\pwtemple\20060222\pyerigg\frames\top_r2_c8_f2.jpg <-- pwtemple /pyerigg/frames top_r2_c8_f2.jpg
2006.02.22 17:58 B F:\Data\ARDUS\Sites\pwtemple\20060222\pyerigg\frames\top_r2_c9.jpg <-- pwtemple /pyerigg/frames top_r2_c9.jpg
2006.02.22 17:58 B F:\Data\ARDUS\Sites\pwtemple\20060222\pyerigg\frames\top_r3_c10.jpg <-- pwtemple /pyerigg/frames top_r3_c10.jpg
2006.02.22 17:58 B F:\Data\ARDUS\Sites\pwtemple\20060222\pyerigg\frames\top_r3_c2.jpg <-- pwtemple /pyerigg/frames top_r3_c2.jpg
2006.02.22 17:58 B F:\Data\ARDUS\Sites\pwtemple\20060222\pyerigg\frames\top_r3_c4.jpg <-- pwtemple /pyerigg/frames top_r3_c4.jpg
2006.02.22 17:58 B F:\Data\ARDUS\Sites\pwtemple\20060222\pyerigg\frames\top_r3_c6.jpg <-- pwtemple /pyerigg/frames top_r3_c6.jpg
2006.02.22 17:58 B F:\Data\ARDUS\Sites\pwtemple\20060222\pyerigg\frames\top_r3_c8.jpg <-- pwtemple /pyerigg/frames top_r3_c8.jpg
2006.02.22 17:59 B F:\Data\ARDUS\Sites\pwtemple\20060222\pyerigg\frames\spacer.gif --> firstderivative.co.uk /public_html/pwtemple/pyerigg/frames spacer.gif
2006.02.22 17:59 B F:\Data\ARDUS\Sites\pwtemple\20060222\pyerigg\frames\top_r1_c1.jpg --> firstderivative.co.uk /public_html/pwtemple/pyerigg/frames top_r1_c1.jpg
2006.02.22 17:59 B F:\Data\ARDUS\Sites\pwtemple\20060222\pyerigg\frames\top_r2_c1.jpg --> firstderivative.co.uk /public_html/pwtemple/pyerigg/frames top_r2_c1.jpg
2006.02.22 17:59 B F:\Data\ARDUS\Sites\pwtemple\20060222\pyerigg\frames\top_r2_c10.jpg --> firstderivative.co.uk /public_html/pwtemple/pyerigg/frames top_r2_c10.jpg
2006.02.22 17:59 B F:\Data\ARDUS\Sites\pwtemple\20060222\pyerigg\frames\top_r2_c10_f2.jpg --> firstderivative.co.uk /public_html/pwtemple/pyerigg/frames top_r2_c10_f2.jpg
2006.02.22 17:59 B F:\Data\ARDUS\Sites\pwtemple\20060222\pyerigg\frames\top_r2_c11.jpg --> firstderivative.co.uk /public_html/pwtemple/pyerigg/frames top_r2_c11.jpg
2006.02.22 17:59 B F:\Data\ARDUS\Sites\pwtemple\20060222\pyerigg\frames\top_r2_c2.jpg --> firstderivative.co.uk /public_html/pwtemple/pyerigg/frames top_r2_c2.jpg
2006.02.22 17:59 B F:\Data\ARDUS\Sites\pwtemple\20060222\pyerigg\frames\top_r2_c2_f2.jpg --> firstderivative.co.uk /public_html/pwtemple/pyerigg/frames top_r2_c2_f2.jpg
2006.02.22 17:59 B F:\Data\ARDUS\Sites\pwtemple\20060222\pyerigg\frames\top_r2_c3.jpg --> firstderivative.co.uk /public_html/pwtemple/pyerigg/frames top_r2_c3.jpg
2006.02.22 17:59 B F:\Data\ARDUS\Sites\pwtemple\20060222\pyerigg\frames\top_r2_c4.jpg --> firstderivative.co.uk /public_html/pwtemple/pyerigg/frames top_r2_c4.jpg
2006.02.22 17:59 B F:\Data\ARDUS\Sites\pwtemple\20060222\pyerigg\frames\top_r2_c4_f2.jpg --> firstderivative.co.uk /public_html/pwtemple/pyerigg/frames top_r2_c4_f2.jpg
2006.02.22 17:59 B F:\Data\ARDUS\Sites\pwtemple\20060222\pyerigg\frames\top_r2_c5.jpg --> firstderivative.co.uk /public_html/pwtemple/pyerigg/frames top_r2_c5.jpg
2006.02.22 17:59 B F:\Data\ARDUS\Sites\pwtemple\20060222\pyerigg\frames\top_r2_c6.jpg --> firstderivative.co.uk /public_html/pwtemple/pyerigg/frames top_r2_c6.jpg
2006.02.22 17:59 B F:\Data\ARDUS\Sites\pwtemple\20060222\pyerigg\frames\top_r2_c6_f2.jpg --> firstderivative.co.uk /public_html/pwtemple/pyerigg/frames top_r2_c6_f2.jpg
2006.02.22 17:59 B F:\Data\ARDUS\Sites\pwtemple\20060222\pyerigg\frames\top_r2_c7.jpg --> firstderivative.co.uk /public_html/pwtemple/pyerigg/frames top_r2_c7.jpg
2006.02.22 17:59 B F:\Data\ARDUS\Sites\pwtemple\20060222\pyerigg\frames\top_r2_c8.jpg --> firstderivative.co.uk /public_html/pwtemple/pyerigg/frames top_r2_c8.jpg
2006.02.22 17:59 B F:\Data\ARDUS\Sites\pwtemple\20060222\pyerigg\frames\top_r2_c8_f2.jpg --> firstderivative.co.uk /public_html/pwtemple/pyerigg/frames top_r2_c8_f2.jpg
2006.02.22 17:59 B F:\Data\ARDUS\Sites\pwtemple\20060222\pyerigg\frames\top_r2_c9.jpg --> firstderivative.co.uk /public_html/pwtemple/pyerigg/frames top_r2_c9.jpg
2006.02.22 17:59 B F:\Data\ARDUS\Sites\pwtemple\20060222\pyerigg\frames\top_r3_c10.jpg --> firstderivative.co.uk /public_html/pwtemple/pyerigg/frames top_r3_c10.jpg
2006.02.22 17:59 B F:\Data\ARDUS\Sites\pwtemple\20060222\pyerigg\frames\top_r3_c2.jpg --> firstderivative.co.uk /public_html/pwtemple/pyerigg/frames top_r3_c2.jpg
2006.02.22 17:59 B F:\Data\ARDUS\Sites\pwtemple\20060222\pyerigg\frames\top_r3_c4.jpg --> firstderivative.co.uk /public_html/pwtemple/pyerigg/frames top_r3_c4.jpg
2006.02.22 17:59 B F:\Data\ARDUS\Sites\pwtemple\20060222\pyerigg\frames\top_r3_c6.jpg --> firstderivative.co.uk /public_html/pwtemple/pyerigg/frames top_r3_c6.jpg
2006.02.22 17:59 B F:\Data\ARDUS\Sites\pwtemple\20060222\pyerigg\frames\top_r3_c8.jpg --> firstderivative.co.uk /public_html/pwtemple/pyerigg/frames top_r3_c8.jpg
2006.02.22 17:59 B F:\Data\ARDUS\Sites\pwtemple\20060222\pyerigg\frames\WS_FTP.LOG --> firstderivative.co.uk /public_html/pwtemple/pyerigg/frames WS_FTP.LOG
