2006.02.22 17:58 B F:\Data\ARDUS\Sites\pwtemple\20060222\AppletUtil3.class <-- pwtemple / AppletUtil3.class
2006.02.22 17:58 B F:\Data\ARDUS\Sites\pwtemple\20060222\ardusstyles1.css <-- pwtemple / ardusstyles1.css
2006.02.22 17:58 B F:\Data\ARDUS\Sites\pwtemple\20060222\blcrteche.html <-- pwtemple / blcrteche.html
2006.02.22 17:58 B F:\Data\ARDUS\Sites\pwtemple\20060222\blcrtechp.html <-- pwtemple / blcrtechp.html
2006.02.22 17:58 B F:\Data\ARDUS\Sites\pwtemple\20060222\blindcrake.html <-- pwtemple / blindcrake.html
2006.02.22 17:58 B F:\Data\ARDUS\Sites\pwtemple\20060222\company.html <-- pwtemple / company.html
2006.02.22 17:58 B F:\Data\ARDUS\Sites\pwtemple\20060222\contact.html <-- pwtemple / contact.html
2006.02.22 17:58 B F:\Data\ARDUS\Sites\pwtemple\20060222\credits.html <-- pwtemple / credits.html
2006.02.22 17:58 B F:\Data\ARDUS\Sites\pwtemple\20060222\electrical.html <-- pwtemple / electrical.html
2006.02.22 17:58 B F:\Data\ARDUS\Sites\pwtemple\20060222\fader.js <-- pwtemple / fader.js
2006.02.22 17:58 B F:\Data\ARDUS\Sites\pwtemple\20060222\index.html <-- pwtemple / index.html
2006.02.22 17:58 B F:\Data\ARDUS\Sites\pwtemple\20060222\new.js <-- pwtemple / new.js
2006.02.22 17:58 B F:\Data\ARDUS\Sites\pwtemple\20060222\property.html <-- pwtemple / property.html
2006.02.22 17:58 B F:\Data\ARDUS\Sites\pwtemple\20060222\property6a.html <-- pwtemple / property6a.html
2006.02.22 17:58 B F:\Data\ARDUS\Sites\pwtemple\20060222\property6b.html <-- pwtemple / property6b.html
2006.02.22 17:58 B F:\Data\ARDUS\Sites\pwtemple\20060222\renovation.html <-- pwtemple / renovation.html
2006.02.22 17:58 B F:\Data\ARDUS\Sites\pwtemple\20060222\renovation6a.html <-- pwtemple / renovation6a.html
2006.02.22 17:58 B F:\Data\ARDUS\Sites\pwtemple\20060222\renovation6b.html <-- pwtemple / renovation6b.html
2006.02.22 17:58 B F:\Data\ARDUS\Sites\pwtemple\20060222\ShrinkingText1ech.class <-- pwtemple / ShrinkingText1ech.class
2006.02.22 17:58 B F:\Data\ARDUS\Sites\pwtemple\20060222\thresherbarn.html <-- pwtemple / thresherbarn.html
2006.02.22 18:00 B F:\Data\ARDUS\Sites\pwtemple\20060222\AppletUtil3.class --> firstderivative.co.uk /public_html/pwtemple AppletUtil3.class
2006.02.22 18:00 B F:\Data\ARDUS\Sites\pwtemple\20060222\ardusstyles1.css --> firstderivative.co.uk /public_html/pwtemple ardusstyles1.css
2006.02.22 18:00 B F:\Data\ARDUS\Sites\pwtemple\20060222\blcrteche.html --> firstderivative.co.uk /public_html/pwtemple blcrteche.html
2006.02.22 18:00 B F:\Data\ARDUS\Sites\pwtemple\20060222\blcrtechp.html --> firstderivative.co.uk /public_html/pwtemple blcrtechp.html
2006.02.22 18:00 B F:\Data\ARDUS\Sites\pwtemple\20060222\blindcrake.html --> firstderivative.co.uk /public_html/pwtemple blindcrake.html
2006.02.22 18:00 B F:\Data\ARDUS\Sites\pwtemple\20060222\company.html --> firstderivative.co.uk /public_html/pwtemple company.html
2006.02.22 18:00 B F:\Data\ARDUS\Sites\pwtemple\20060222\contact.html --> firstderivative.co.uk /public_html/pwtemple contact.html
2006.02.22 18:00 B F:\Data\ARDUS\Sites\pwtemple\20060222\credits.html --> firstderivative.co.uk /public_html/pwtemple credits.html
2006.02.22 18:00 B F:\Data\ARDUS\Sites\pwtemple\20060222\electrical.html --> firstderivative.co.uk /public_html/pwtemple electrical.html
2006.02.22 18:00 B F:\Data\ARDUS\Sites\pwtemple\20060222\fader.js --> firstderivative.co.uk /public_html/pwtemple fader.js
2006.02.22 18:00 B F:\Data\ARDUS\Sites\pwtemple\20060222\index.html --> firstderivative.co.uk /public_html/pwtemple index.html
2006.02.22 18:00 B F:\Data\ARDUS\Sites\pwtemple\20060222\new.js --> firstderivative.co.uk /public_html/pwtemple new.js
2006.02.22 18:00 B F:\Data\ARDUS\Sites\pwtemple\20060222\property.html --> firstderivative.co.uk /public_html/pwtemple property.html
2006.02.22 18:00 B F:\Data\ARDUS\Sites\pwtemple\20060222\property6a.html --> firstderivative.co.uk /public_html/pwtemple property6a.html
2006.02.22 18:00 B F:\Data\ARDUS\Sites\pwtemple\20060222\property6b.html --> firstderivative.co.uk /public_html/pwtemple property6b.html
2006.02.22 18:00 B F:\Data\ARDUS\Sites\pwtemple\20060222\renovation.html --> firstderivative.co.uk /public_html/pwtemple renovation.html
2006.02.22 18:00 B F:\Data\ARDUS\Sites\pwtemple\20060222\renovation6a.html --> firstderivative.co.uk /public_html/pwtemple renovation6a.html
2006.02.22 18:00 B F:\Data\ARDUS\Sites\pwtemple\20060222\renovation6b.html --> firstderivative.co.uk /public_html/pwtemple renovation6b.html
2006.02.22 18:00 B F:\Data\ARDUS\Sites\pwtemple\20060222\ShrinkingText1ech.class --> firstderivative.co.uk /public_html/pwtemple ShrinkingText1ech.class
2006.02.22 18:00 B F:\Data\ARDUS\Sites\pwtemple\20060222\thresherbarn.html --> firstderivative.co.uk /public_html/pwtemple thresherbarn.html
