2006.02.22 17:57 B F:\Data\ARDUS\Sites\pwtemple\20060222\pix\aerialview.jpg <-- pwtemple /pix aerialview.jpg
2006.02.22 17:57 B F:\Data\ARDUS\Sites\pwtemple\20060222\pix\arch.jpg <-- pwtemple /pix arch.jpg
2006.02.22 17:57 B F:\Data\ARDUS\Sites\pwtemple\20060222\pix\barn1.jpg <-- pwtemple /pix barn1.jpg
2006.02.22 17:57 B F:\Data\ARDUS\Sites\pwtemple\20060222\pix\barn2.jpg <-- pwtemple /pix barn2.jpg
2006.02.22 17:57 B F:\Data\ARDUS\Sites\pwtemple\20060222\pix\barn3.jpg <-- pwtemple /pix barn3.jpg
2006.02.22 17:57 B F:\Data\ARDUS\Sites\pwtemple\20060222\pix\barn4.jpg <-- pwtemple /pix barn4.jpg
2006.02.22 17:57 B F:\Data\ARDUS\Sites\pwtemple\20060222\pix\barn5.jpg <-- pwtemple /pix barn5.jpg
2006.02.22 17:57 B F:\Data\ARDUS\Sites\pwtemple\20060222\pix\carlislecathedral.jpg <-- pwtemple /pix carlislecathedral.jpg
2006.02.22 17:57 B F:\Data\ARDUS\Sites\pwtemple\20060222\pix\carlislecathedralsmalllandscape.jpg <-- pwtemple /pix carlislecathedralsmalllandscape.jpg
2006.02.22 17:57 B F:\Data\ARDUS\Sites\pwtemple\20060222\pix\cc150.jpg <-- pwtemple /pix cc150.jpg
2006.02.22 17:57 B F:\Data\ARDUS\Sites\pwtemple\20060222\pix\ccsl250by180at60pc.gif <-- pwtemple /pix ccsl250by180at60pc.gif
2006.02.22 17:57 B F:\Data\ARDUS\Sites\pwtemple\20060222\pix\construct1a.jpg <-- pwtemple /pix construct1a.jpg
2006.02.22 17:57 B F:\Data\ARDUS\Sites\pwtemple\20060222\pix\construct2at240wide.jpg <-- pwtemple /pix construct2at240wide.jpg
2006.02.22 17:57 B F:\Data\ARDUS\Sites\pwtemple\20060222\pix\construct3a.jpg <-- pwtemple /pix construct3a.jpg
2006.02.22 17:57 B F:\Data\ARDUS\Sites\pwtemple\20060222\pix\electrical1.jpg <-- pwtemple /pix electrical1.jpg
2006.02.22 17:57 B F:\Data\ARDUS\Sites\pwtemple\20060222\pix\fade.gif <-- pwtemple /pix fade.gif
2006.02.22 17:57 B F:\Data\ARDUS\Sites\pwtemple\20060222\pix\FMB.gif <-- pwtemple /pix FMB.gif
2006.02.22 17:57 B F:\Data\ARDUS\Sites\pwtemple\20060222\pix\fmbcert100by159.jpg <-- pwtemple /pix fmbcert100by159.jpg
2006.02.22 17:57 B F:\Data\ARDUS\Sites\pwtemple\20060222\pix\interior1.jpg <-- pwtemple /pix interior1.jpg
2006.02.22 17:57 B F:\Data\ARDUS\Sites\pwtemple\20060222\pix\islekirk1.jpg <-- pwtemple /pix islekirk1.jpg
2006.02.22 17:57 B F:\Data\ARDUS\Sites\pwtemple\20060222\pix\islekirk2.jpg <-- pwtemple /pix islekirk2.jpg
2006.02.22 17:57 B F:\Data\ARDUS\Sites\pwtemple\20060222\pix\islekirk3.jpg <-- pwtemple /pix islekirk3.jpg
2006.02.22 17:57 B F:\Data\ARDUS\Sites\pwtemple\20060222\pix\landscape.jpg <-- pwtemple /pix landscape.jpg
2006.02.22 17:57 B F:\Data\ARDUS\Sites\pwtemple\20060222\pix\LOGO.gif <-- pwtemple /pix LOGO.gif
2006.02.22 17:57 B F:\Data\ARDUS\Sites\pwtemple\20060222\pix\newhousefinished.jpg <-- pwtemple /pix newhousefinished.jpg
2006.02.22 17:57 B F:\Data\ARDUS\Sites\pwtemple\20060222\pix\nh250by174.jpg <-- pwtemple /pix nh250by174.jpg
2006.02.22 17:57 B F:\Data\ARDUS\Sites\pwtemple\20060222\pix\nh250by176at60pc.gif <-- pwtemple /pix nh250by176at60pc.gif
2006.02.22 17:57 B F:\Data\ARDUS\Sites\pwtemple\20060222\pix\niceiclogo2small.gif <-- pwtemple /pix niceiclogo2small.gif
2006.02.22 17:57 B F:\Data\ARDUS\Sites\pwtemple\20060222\pix\officeinterior1.jpg <-- pwtemple /pix officeinterior1.jpg
2006.02.22 17:57 B F:\Data\ARDUS\Sites\pwtemple\20060222\pix\peterhimself.jpg <-- pwtemple /pix peterhimself.jpg
2006.02.22 17:57 B F:\Data\ARDUS\Sites\pwtemple\20060222\pix\plan2.gif <-- pwtemple /pix plan2.gif
2006.02.22 17:57 B F:\Data\ARDUS\Sites\pwtemple\20060222\pix\prerenov.jpg <-- pwtemple /pix prerenov.jpg
2006.02.22 17:57 B F:\Data\ARDUS\Sites\pwtemple\20060222\pix\presentation1.jpg <-- pwtemple /pix presentation1.jpg
2006.02.22 17:57 B F:\Data\ARDUS\Sites\pwtemple\20060222\pix\presentation250at60pc.gif <-- pwtemple /pix presentation250at60pc.gif
2006.02.22 17:57 B F:\Data\ARDUS\Sites\pwtemple\20060222\pix\pwttitle2.gif <-- pwtemple /pix pwttitle2.gif
2006.02.22 17:57 B F:\Data\ARDUS\Sites\pwtemple\20060222\pix\shim.gif <-- pwtemple /pix shim.gif
2006.02.22 17:57 B F:\Data\ARDUS\Sites\pwtemple\20060222\pix\stonedetail.jpg <-- pwtemple /pix stonedetail.jpg
2006.02.22 17:57 B F:\Data\ARDUS\Sites\pwtemple\20060222\pix\van.gif <-- pwtemple /pix van.gif
2006.02.22 17:59 B F:\Data\ARDUS\Sites\pwtemple\20060222\pix\aerialview.jpg --> firstderivative.co.uk /public_html/pwtemple/pix aerialview.jpg
2006.02.22 17:59 B F:\Data\ARDUS\Sites\pwtemple\20060222\pix\arch.jpg --> firstderivative.co.uk /public_html/pwtemple/pix arch.jpg
2006.02.22 17:59 B F:\Data\ARDUS\Sites\pwtemple\20060222\pix\barn1.jpg --> firstderivative.co.uk /public_html/pwtemple/pix barn1.jpg
2006.02.22 17:59 B F:\Data\ARDUS\Sites\pwtemple\20060222\pix\barn2.jpg --> firstderivative.co.uk /public_html/pwtemple/pix barn2.jpg
2006.02.22 17:59 B F:\Data\ARDUS\Sites\pwtemple\20060222\pix\barn3.jpg --> firstderivative.co.uk /public_html/pwtemple/pix barn3.jpg
2006.02.22 17:59 B F:\Data\ARDUS\Sites\pwtemple\20060222\pix\barn4.jpg --> firstderivative.co.uk /public_html/pwtemple/pix barn4.jpg
2006.02.22 17:59 B F:\Data\ARDUS\Sites\pwtemple\20060222\pix\barn5.jpg --> firstderivative.co.uk /public_html/pwtemple/pix barn5.jpg
2006.02.22 17:59 B F:\Data\ARDUS\Sites\pwtemple\20060222\pix\carlislecathedral.jpg --> firstderivative.co.uk /public_html/pwtemple/pix carlislecathedral.jpg
2006.02.22 17:59 B F:\Data\ARDUS\Sites\pwtemple\20060222\pix\carlislecathedralsmalllandscape.jpg --> firstderivative.co.uk /public_html/pwtemple/pix carlislecathedralsmalllandscape.jpg
2006.02.22 17:59 B F:\Data\ARDUS\Sites\pwtemple\20060222\pix\cc150.jpg --> firstderivative.co.uk /public_html/pwtemple/pix cc150.jpg
2006.02.22 17:59 B F:\Data\ARDUS\Sites\pwtemple\20060222\pix\ccsl250by180at60pc.gif --> firstderivative.co.uk /public_html/pwtemple/pix ccsl250by180at60pc.gif
2006.02.22 17:59 B F:\Data\ARDUS\Sites\pwtemple\20060222\pix\construct1a.jpg --> firstderivative.co.uk /public_html/pwtemple/pix construct1a.jpg
2006.02.22 17:59 B F:\Data\ARDUS\Sites\pwtemple\20060222\pix\construct2at240wide.jpg --> firstderivative.co.uk /public_html/pwtemple/pix construct2at240wide.jpg
2006.02.22 17:59 B F:\Data\ARDUS\Sites\pwtemple\20060222\pix\construct3a.jpg --> firstderivative.co.uk /public_html/pwtemple/pix construct3a.jpg
2006.02.22 17:59 B F:\Data\ARDUS\Sites\pwtemple\20060222\pix\electrical1.jpg --> firstderivative.co.uk /public_html/pwtemple/pix electrical1.jpg
2006.02.22 17:59 B F:\Data\ARDUS\Sites\pwtemple\20060222\pix\fade.gif --> firstderivative.co.uk /public_html/pwtemple/pix fade.gif
2006.02.22 17:59 B F:\Data\ARDUS\Sites\pwtemple\20060222\pix\FMB.gif --> firstderivative.co.uk /public_html/pwtemple/pix FMB.gif
2006.02.22 17:59 B F:\Data\ARDUS\Sites\pwtemple\20060222\pix\fmbcert100by159.jpg --> firstderivative.co.uk /public_html/pwtemple/pix fmbcert100by159.jpg
2006.02.22 17:59 B F:\Data\ARDUS\Sites\pwtemple\20060222\pix\interior1.jpg --> firstderivative.co.uk /public_html/pwtemple/pix interior1.jpg
2006.02.22 17:59 B F:\Data\ARDUS\Sites\pwtemple\20060222\pix\islekirk1.jpg --> firstderivative.co.uk /public_html/pwtemple/pix islekirk1.jpg
2006.02.22 17:59 B F:\Data\ARDUS\Sites\pwtemple\20060222\pix\islekirk2.jpg --> firstderivative.co.uk /public_html/pwtemple/pix islekirk2.jpg
2006.02.22 17:59 B F:\Data\ARDUS\Sites\pwtemple\20060222\pix\islekirk3.jpg --> firstderivative.co.uk /public_html/pwtemple/pix islekirk3.jpg
2006.02.22 17:59 B F:\Data\ARDUS\Sites\pwtemple\20060222\pix\landscape.jpg --> firstderivative.co.uk /public_html/pwtemple/pix landscape.jpg
2006.02.22 17:59 B F:\Data\ARDUS\Sites\pwtemple\20060222\pix\LOGO.gif --> firstderivative.co.uk /public_html/pwtemple/pix LOGO.gif
2006.02.22 17:59 B F:\Data\ARDUS\Sites\pwtemple\20060222\pix\newhousefinished.jpg --> firstderivative.co.uk /public_html/pwtemple/pix newhousefinished.jpg
2006.02.22 17:59 B F:\Data\ARDUS\Sites\pwtemple\20060222\pix\nh250by174.jpg --> firstderivative.co.uk /public_html/pwtemple/pix nh250by174.jpg
2006.02.22 17:59 B F:\Data\ARDUS\Sites\pwtemple\20060222\pix\nh250by176at60pc.gif --> firstderivative.co.uk /public_html/pwtemple/pix nh250by176at60pc.gif
2006.02.22 17:59 B F:\Data\ARDUS\Sites\pwtemple\20060222\pix\niceiclogo2small.gif --> firstderivative.co.uk /public_html/pwtemple/pix niceiclogo2small.gif
2006.02.22 17:59 B F:\Data\ARDUS\Sites\pwtemple\20060222\pix\officeinterior1.jpg --> firstderivative.co.uk /public_html/pwtemple/pix officeinterior1.jpg
2006.02.22 17:59 B F:\Data\ARDUS\Sites\pwtemple\20060222\pix\peterhimself.jpg --> firstderivative.co.uk /public_html/pwtemple/pix peterhimself.jpg
2006.02.22 17:59 B F:\Data\ARDUS\Sites\pwtemple\20060222\pix\plan2.gif --> firstderivative.co.uk /public_html/pwtemple/pix plan2.gif
2006.02.22 17:59 B F:\Data\ARDUS\Sites\pwtemple\20060222\pix\prerenov.jpg --> firstderivative.co.uk /public_html/pwtemple/pix prerenov.jpg
2006.02.22 17:59 B F:\Data\ARDUS\Sites\pwtemple\20060222\pix\presentation1.jpg --> firstderivative.co.uk /public_html/pwtemple/pix presentation1.jpg
2006.02.22 17:59 B F:\Data\ARDUS\Sites\pwtemple\20060222\pix\presentation250at60pc.gif --> firstderivative.co.uk /public_html/pwtemple/pix presentation250at60pc.gif
2006.02.22 17:59 B F:\Data\ARDUS\Sites\pwtemple\20060222\pix\pwttitle2.gif --> firstderivative.co.uk /public_html/pwtemple/pix pwttitle2.gif
2006.02.22 17:59 B F:\Data\ARDUS\Sites\pwtemple\20060222\pix\shim.gif --> firstderivative.co.uk /public_html/pwtemple/pix shim.gif
2006.02.22 17:59 B F:\Data\ARDUS\Sites\pwtemple\20060222\pix\stonedetail.jpg --> firstderivative.co.uk /public_html/pwtemple/pix stonedetail.jpg
2006.02.22 17:59 B F:\Data\ARDUS\Sites\pwtemple\20060222\pix\van.gif --> firstderivative.co.uk /public_html/pwtemple/pix van.gif
2006.02.22 17:59 B F:\Data\ARDUS\Sites\pwtemple\20060222\pix\WS_FTP.LOG --> firstderivative.co.uk /public_html/pwtemple/pix WS_FTP.LOG
